<?xml version="1.0" encoding="UTF-8"?>
<!-- Generated by org.testng.reporters.JUnitReportReporter -->
<testsuite skipped="0" hostname="LAPTOP-MNL8F5BN" name="com.federo.forecasts.createforecasttest" tests="1" failures="0" timestamp="2021-09-07T21:50:59 IST" time="2.997" errors="0">
  <testcase name="forecast" time="2.997" classname="com.federo.forecasts.createforecasttest"/>
  <system-out/>
</testsuite> <!-- com.federo.forecasts.createforecasttest -->
