<?xml version="1.0" encoding="UTF-8"?>
<!-- Generated by org.testng.reporters.JUnitReportReporter -->
<testsuite skipped="0" hostname="LAPTOP-MNL8F5BN" name="com.federo.compaigns.compaignstest" tests="1" failures="0" timestamp="2021-09-07T21:59:37 IST" time="9.282" errors="0">
  <testcase name="compaign" time="9.282" classname="com.federo.compaigns.compaignstest"/>
  <system-out/>
</testsuite> <!-- com.federo.compaigns.compaignstest -->
