<?xml version="1.0" encoding="UTF-8"?>
<!-- Generated by org.testng.reporters.JUnitReportReporter -->
<testsuite skipped="0" hostname="LAPTOP-MNL8F5BN" name="com.federo.leads.createleadtest" tests="1" failures="0" timestamp="2021-09-11T12:18:55 IST" time="8.391" errors="0">
  <testcase name="leadtest" time="8.391" classname="com.federo.leads.createleadtest"/>
  <system-out/>
</testsuite> <!-- com.federo.leads.createleadtest -->
