<?xml version="1.0" encoding="UTF-8"?>
<!-- Generated by org.testng.reporters.JUnitReportReporter -->
<testsuite skipped="0" hostname="LAPTOP-MNL8F5BN" name="com.federo.home.hometest" tests="1" failures="0" timestamp="2021-09-08T12:15:56 IST" time="1.158" errors="0">
  <testcase name="accounttest" time="1.158" classname="com.federo.home.hometest"/>
  <system-out/>
</testsuite> <!-- com.federo.home.hometest -->
