<?xml version="1.0" encoding="UTF-8"?>
<!-- Generated by org.testng.reporters.JUnitReportReporter -->
<testsuite skipped="0" hostname="LAPTOP-MNL8F5BN" name="com.federo.dashboards.createdashboardtest" tests="1" failures="0" timestamp="2021-09-03T14:31:48 IST" time="2.344" errors="0">
  <testcase name="dashboard" time="2.344" classname="com.federo.dashboards.createdashboardtest"/>
  <system-out/>
</testsuite> <!-- com.federo.dashboards.createdashboardtest -->
