<?xml version="1.0" encoding="UTF-8"?>
<!-- Generated by org.testng.reporters.JUnitReportReporter -->
<testsuite skipped="0" hostname="LAPTOP-MNL8F5BN" name="com.federo.cases.casestest" tests="1" failures="0" timestamp="2021-09-11T12:34:28 IST" time="0.750" errors="0">
  <testcase name="compaign" time="0.750" classname="com.federo.cases.casestest"/>
  <system-out/>
</testsuite> <!-- com.federo.cases.casestest -->
