<?xml version="1.0" encoding="UTF-8"?>
<!-- Generated by org.testng.reporters.JUnitReportReporter -->
<testsuite skipped="0" hostname="LAPTOP-MNL8F5BN" name="com.federo.reports.createreporttest" tests="1" failures="0" timestamp="2021-09-07T22:39:24 IST" time="6.947" errors="0">
  <testcase name="reporttest" time="6.947" classname="com.federo.reports.createreporttest"/>
  <system-out/>
</testsuite> <!-- com.federo.reports.createreporttest -->
