<?xml version="1.0" encoding="UTF-8"?>
<!-- Generated by org.testng.reporters.JUnitReportReporter -->
<testsuite hostname="LAPTOP-MNL8F5BN" failures="0" tests="1" name="com.federo.cases.casestest" time="1.169" errors="0" timestamp="2021-09-07T13:23:27 IST" skipped="0">
  <testcase classname="com.federo.cases.casestest" name="compaign" time="1.169"/>
  <system-out/>
</testsuite> <!-- com.federo.cases.casestest -->
