<?xml version="1.0" encoding="UTF-8"?>
<!-- Generated by org.testng.reporters.JUnitReportReporter -->
<testsuite hostname="LAPTOP-MNL8F5BN" failures="0" tests="1" name="com.federo.compaigns.compaignstest" time="4.103" errors="0" timestamp="2021-09-06T20:00:43 IST" skipped="0">
  <testcase classname="com.federo.compaigns.compaignstest" name="compaign" time="4.103"/>
  <system-out/>
</testsuite> <!-- com.federo.compaigns.compaignstest -->
