<?xml version="1.0" encoding="UTF-8"?>
<!-- Generated by org.testng.reporters.JUnitReportReporter -->
<testsuite skipped="0" hostname="LAPTOP-MNL8F5BN" name="com.federo.leads.createleadtest" tests="1" failures="0" timestamp="2021-09-04T10:28:26 IST" time="14.394" errors="0">
  <testcase name="leadtest" time="14.394" classname="com.federo.leads.createleadtest"/>
  <system-out/>
</testsuite> <!-- com.federo.leads.createleadtest -->
