<?xml version="1.0" encoding="UTF-8"?>
<!-- Generated by org.testng.reporters.JUnitReportReporter -->
<testsuite skipped="0" hostname="LAPTOP-MNL8F5BN" name="com.federo.reports.createreporttest" tests="1" failures="0" timestamp="2021-09-13T13:06:50 IST" time="9.874" errors="0">
  <testcase name="reporttest" time="9.874" classname="com.federo.reports.createreporttest"/>
  <system-out/>
</testsuite> <!-- com.federo.reports.createreporttest -->
