<?xml version="1.0" encoding="UTF-8"?>
<!-- Generated by org.testng.reporters.JUnitReportReporter -->
<testsuite skipped="0" hostname="LAPTOP-MNL8F5BN" name="com.federo.accounts.createaccounttest" tests="1" failures="0" timestamp="2021-09-07T20:51:59 IST" time="84.889" errors="0">
  <testcase name="accounttest" time="84.889" classname="com.federo.accounts.createaccounttest"/>
  <system-out/>
</testsuite> <!-- com.federo.accounts.createaccounttest -->
