<?xml version="1.0" encoding="UTF-8"?>
<!-- Generated by org.testng.reporters.JUnitReportReporter -->
<testsuite skipped="0" hostname="LAPTOP-MNL8F5BN" name="com.federo.invoices.createinvoicetest" tests="1" failures="0" timestamp="2021-09-13T13:10:20 IST" time="4.256" errors="0">
  <testcase name="invoice" time="4.256" classname="com.federo.invoices.createinvoicetest"/>
  <system-out/>
</testsuite> <!-- com.federo.invoices.createinvoicetest -->
